<?xml version="1.0" encoding="UTF-8"?>
<testng-results skipped="0" failed="0" ignored="0" total="4" passed="4">
  <reporter-output>
  </reporter-output>
  <suite name="Default suite" duration-ms="88784" started-at="2019-12-12T08:54:58Z" finished-at="2019-12-12T08:56:26Z">
    <groups>
    </groups>
    <test name="Default test" duration-ms="88784" started-at="2019-12-12T08:54:58Z" finished-at="2019-12-12T08:56:26Z">
      <class name="package1.BaseClass">
        <test-method status="PASS" signature="start()[pri:1, instance:package1.BaseClass@5abca1e0]" name="start" duration-ms="15854" started-at="2019-12-12T08:54:58Z" finished-at="2019-12-12T08:55:14Z">
          <reporter-output>
          </reporter-output>
        </test-method> <!-- start -->
        <test-method status="PASS" signature="login()[pri:2, instance:package1.BaseClass@5abca1e0]" name="login" duration-ms="10449" started-at="2019-12-12T08:55:14Z" finished-at="2019-12-12T08:55:24Z">
          <reporter-output>
          </reporter-output>
        </test-method> <!-- login -->
        <test-method status="PASS" signature="AllEvents()[pri:3, instance:package1.BaseClass@5abca1e0]" name="AllEvents" duration-ms="56023" started-at="2019-12-12T08:55:24Z" finished-at="2019-12-12T08:56:20Z">
          <reporter-output>
          </reporter-output>
        </test-method> <!-- AllEvents -->
        <test-method status="PASS" signature="logout()[pri:7, instance:package1.BaseClass@5abca1e0]" name="logout" duration-ms="6417" started-at="2019-12-12T08:56:20Z" finished-at="2019-12-12T08:56:26Z">
          <reporter-output>
          </reporter-output>
        </test-method> <!-- logout -->
      </class> <!-- package1.BaseClass -->
    </test> <!-- Default test -->
  </suite> <!-- Default suite -->
</testng-results>
