<?xml version="1.0" encoding="UTF-8"?>
<!-- Generated by org.testng.reporters.JUnitXMLReporter -->
<testsuite hostname="LAPTOP-CJ6G961B" ignored="0" name="Default test" tests="4" failures="0" timestamp="12 Dec 2019 08:56:27 GMT" time="88.784" errors="0">
  <testcase name="start" time="15.854" classname="package1.BaseClass"/>
  <testcase name="login" time="10.449" classname="package1.BaseClass"/>
  <testcase name="AllEvents" time="56.023" classname="package1.BaseClass"/>
  <testcase name="logout" time="6.417" classname="package1.BaseClass"/>
</testsuite> <!-- Default test -->
